<?xml version="1.0" encoding="UTF-8"?>
<!-- Generated by org.testng.reporters.JUnitReportReporter -->
<testsuite skipped="0" hostname="Dhillon-PC" name="com.legacyTest.test.TestClass" tests="1" failures="0" timestamp="04 Oct 2017 15:57:03 GMT" time="117.390" errors="0">
  <testcase name="LaunchBrowser" time="117.390" classname="com.legacyTest.test.TestClass"/>
</testsuite> <!-- com.legacyTest.test.TestClass -->
