<?xml version="1.0" encoding="UTF-8"?>
<!-- Generated by org.testng.reporters.JUnitReportReporter -->
<testsuite skipped="0" hostname="xen-482" name="com.legacyTest.test.TestClass" tests="1" failures="0" timestamp="20 Sep 2017 09:15:30 GMT" time="5.864" errors="0">
  <testcase name="LaunchBrowser" time="5.864" classname="com.legacyTest.test.TestClass"/>
</testsuite> <!-- com.legacyTest.test.TestClass -->
