<?xml version="1.0" encoding="UTF-8"?>
<!-- Generated by org.testng.reporters.JUnitReportReporter -->
<testsuite skipped="0" hostname="Dhillon-PC" name="com.legacyTest.test.TestClass" tests="1" failures="0" timestamp="06 Oct 2017 05:19:31 GMT" time="49.289" errors="0">
  <testcase name="LaunchBrowser" time="49.289" classname="com.legacyTest.test.TestClass"/>
</testsuite> <!-- com.legacyTest.test.TestClass -->
