<?xml version="1.0" encoding="UTF-8"?>
<!-- Generated by org.testng.reporters.JUnitReportReporter -->
<testsuite skipped="0" hostname="Dhillon-PC" name="com.legacyTest.test.TestClass" tests="2" failures="0" timestamp="16 Oct 2017 11:58:08 GMT" time="105.493" errors="0">
  <testcase name="LaunchBrowser" time="66.104" classname="com.legacyTest.test.TestClass"/>
  <testcase name="LaunchBrowser" time="39.389" classname="com.legacyTest.test.TestClass"/>
</testsuite> <!-- com.legacyTest.test.TestClass -->
