<?xml version="1.0" encoding="UTF-8"?>
<!-- Generated by org.testng.reporters.JUnitReportReporter -->
<testsuite skipped="1" hostname="xen-482" name="com.legacyTest.test.TestClass" tests="2" failures="0" timestamp="3 Oct 2017 11:16:45 GMT" time="0.000" errors="1">
  <testcase name="LaunchBrowser" time="0.000" classname="com.legacyTest.test.TestClass">
    <skipped/>
  </testcase> <!-- LaunchBrowser -->
  <testcase name="init" time="0.000" classname="com.legacyTest.test.TestClass">
    <error type="java.lang.StackOverflowError">
      <![CDATA[java.lang.StackOverflowError
	at com.legacyTest.test.TestClass.init(TestClass.java:72)
	at com.legacyTest.test.TestClass.init(TestClass.java:72)
	at com.legacyTest.test.TestClass.init(TestClass.java:72)
	at com.legacyTest.test.TestClass.init(TestClass.java:72)
	at com.legacyTest.test.TestClass.init(TestClass.java:72)
	at com.legacyTest.test.TestClass.init(TestClass.java:72)
	at com.legacyTest.test.TestClass.init(TestClass.java:72)
	at com.legacyTest.test.TestClass.init(TestClass.java:72)
	at com.legacyTest.test.TestClass.init(TestClass.java:72)
	at com.legacyTest.test.TestClass.init(TestClass.java:72)
	at com.legacyTest.test.TestClass.init(TestClass.java:72)
	at com.legacyTest.test.TestClass.init(TestClass.java:72)
	at com.legacyTest.test.TestClass.init(TestClass.java:72)
	at com.legacyTest.test.TestClass.init(TestClass.java:72)
	at com.legacyTest.test.TestClass.init(TestClass.java:72)
	at com.legacyTest.test.TestClass.init(TestClass.java:72)
	at com.legacyTest.test.TestClass.init(TestClass.java:72)
	at com.legacyTest.test.TestClass.init(TestClass.java:72)
	at com.legacyTest.test.TestClass.init(TestClass.java:72)
	at com.legacyTest.test.TestClass.init(TestClass.java:72)
	at com.legacyTest.test.TestClass.init(TestClass.java:72)
	at com.legacyTest.test.TestClass.init(TestClass.java:72)
	at com.legacyTest.test.TestClass.init(TestClass.java:72)
	at com.legacyTest.test.TestClass.init(TestClass.java:72)
	at com.legacyTest.test.TestClass.init(TestClass.java:72)
	at com.legacyTest.test.TestClass.init(TestClass.java:72)
	at com.legacyTest.test.TestClass.init(TestClass.java:72)
	at com.legacyTest.test.TestClass.init(TestClass.java:72)
	at com.legacyTest.test.TestClass.init(TestClass.java:72)
	at com.legacyTest.test.TestClass.init(TestClass.java:72)
	at com.legacyTest.test.TestClass.init(TestClass.java:72)
	at com.legacyTest.test.TestClass.init(TestClass.java:72)
	at com.legacyTest.test.TestClass.init(TestClass.java:72)
	at com.legacyTest.test.TestClass.init(TestClass.java:72)
	at com.legacyTest.test.TestClass.init(TestClass.java:72)
	at com.legacyTest.test.TestClass.init(TestClass.java:72)
	at com.legacyTest.test.TestClass.init(TestClass.java:72)
	at com.legacyTest.test.TestClass.init(TestClass.java:72)
	at com.legacyTest.test.TestClass.init(TestClass.java:72)
	at com.legacyTest.test.TestClass.init(TestClass.java:72)
	at com.legacyTest.test.TestClass.init(TestClass.java:72)
	at com.legacyTest.test.TestClass.init(TestClass.java:72)
	at com.legacyTest.test.TestClass.init(TestClass.java:72)
	at com.legacyTest.test.TestClass.init(TestClass.java:72)
	at com.legacyTest.test.TestClass.init(TestClass.java:72)
	at com.legacyTest.test.TestClass.init(TestClass.java:72)
	at com.legacyTest.test.TestClass.init(TestClass.java:72)
	at com.legacyTest.test.TestClass.init(TestClass.java:72)
	at com.legacyTest.test.TestClass.init(TestClass.java:72)
	at com.legacyTest.test.TestClass.init(TestClass.java:72)
	at com.legacyTest.test.TestClass.init(TestClass.java:72)
	at com.legacyTest.test.TestClass.init(TestClass.java:72)
	at com.legacyTest.test.TestClass.init(TestClass.java:72)
	at com.legacyTest.test.TestClass.init(TestClass.java:72)
	at com.legacyTest.test.TestClass.init(TestClass.java:72)
	at com.legacyTest.test.TestClass.init(TestClass.java:72)
	at com.legacyTest.test.TestClass.init(TestClass.java:72)
	at com.legacyTest.test.TestClass.init(TestClass.java:72)
	at com.legacyTest.test.TestClass.init(TestClass.java:72)
	at com.legacyTest.test.TestClass.init(TestClass.java:72)
	at com.legacyTest.test.TestClass.init(TestClass.java:72)
	at com.legacyTest.test.TestClass.init(TestClass.java:72)
	at com.legacyTest.test.TestClass.init(TestClass.java:72)
	at com.legacyTest.test.TestClass.init(TestClass.java:72)
	at com.legacyTest.test.TestClass.init(TestClass.java:72)
	at com.legacyTest.test.TestClass.init(TestClass.java:72)
	at com.legacyTest.test.TestClass.init(TestClass.java:72)
	at com.legacyTest.test.TestClass.init(TestClass.java:72)
	at com.legacyTest.test.TestClass.init(TestClass.java:72)
	at com.legacyTest.test.TestClass.init(TestClass.java:72)
	at com.legacyTest.test.TestClass.init(TestClass.java:72)
	at com.legacyTest.test.TestClass.init(TestClass.java:72)
	at com.legacyTest.test.TestClass.init(TestClass.java:72)
	at com.legacyTest.test.TestClass.init(TestClass.java:72)
	at com.legacyTest.test.TestClass.init(TestClass.java:72)
	at com.legacyTest.test.TestClass.init(TestClass.java:72)
	at com.legacyTest.test.TestClass.init(TestClass.java:72)
	at com.legacyTest.test.TestClass.init(TestClass.java:72)
	at com.legacyTest.test.TestClass.init(TestClass.java:72)
	at com.legacyTest.test.TestClass.init(TestClass.java:72)
	at com.legacyTest.test.TestClass.init(TestClass.java:72)
	at com.legacyTest.test.TestClass.init(TestClass.java:72)
	at com.legacyTest.test.TestClass.init(TestClass.java:72)
	at com.legacyTest.test.TestClass.init(TestClass.java:72)
	at com.legacyTest.test.TestClass.init(TestClass.java:72)
	at com.legacyTest.test.TestClass.init(TestClass.java:72)
	at com.legacyTest.test.TestClass.init(TestClass.java:72)
	at com.legacyTest.test.TestClass.init(TestClass.java:72)
	at com.legacyTest.test.TestClass.init(TestClass.java:72)
	at com.legacyTest.test.TestClass.init(TestClass.java:72)
	at com.legacyTest.test.TestClass.init(TestClass.java:72)
	at com.legacyTest.test.TestClass.init(TestClass.java:72)
	at com.legacyTest.test.TestClass.init(TestClass.java:72)
	at com.legacyTest.test.TestClass.init(TestClass.java:72)
	at com.legacyTest.test.TestClass.init(TestClass.java:72)
	at com.legacyTest.test.TestClass.init(TestClass.java:72)
	at com.legacyTest.test.TestClass.init(TestClass.java:72)
	at com.legacyTest.test.TestClass.init(TestClass.java:72)
	at com.legacyTest.test.TestClass.init(TestClass.java:72)
	at com.legacyTest.test.TestClass.init(TestClass.java:72)
	at com.legacyTest.test.TestClass.init(TestClass.java:72)
	at com.legacyTest.test.TestClass.init(TestClass.java:72)
	at com.legacyTest.test.TestClass.init(TestClass.java:72)
	at com.legacyTest.test.TestClass.init(TestClass.java:72)
	at com.legacyTest.test.TestClass.init(TestClass.java:72)
	at com.legacyTest.test.TestClass.init(TestClass.java:72)
	at com.legacyTest.test.TestClass.init(TestClass.java:72)
	at com.legacyTest.test.TestClass.init(TestClass.java:72)
	at com.legacyTest.test.TestClass.init(TestClass.java:72)
	at com.legacyTest.test.TestClass.init(TestClass.java:72)
	at com.legacyTest.test.TestClass.init(TestClass.java:72)
	at com.legacyTest.test.TestClass.init(TestClass.java:72)
	at com.legacyTest.test.TestClass.init(TestClass.java:72)
	at com.legacyTest.test.TestClass.init(TestClass.java:72)
	at com.legacyTest.test.TestClass.init(TestClass.java:72)
	at com.legacyTest.test.TestClass.init(TestClass.java:72)
	at com.legacyTest.test.TestClass.init(TestClass.java:72)
	at com.legacyTest.test.TestClass.init(TestClass.java:72)
	at com.legacyTest.test.TestClass.init(TestClass.java:72)
	at com.legacyTest.test.TestClass.init(TestClass.java:72)
	at com.legacyTest.test.TestClass.init(TestClass.java:72)
	at com.legacyTest.test.TestClass.init(TestClass.java:72)
	at com.legacyTest.test.TestClass.init(TestClass.java:72)
	at com.legacyTest.test.TestClass.init(TestClass.java:72)
	at com.legacyTest.test.TestClass.init(TestClass.java:72)
	at com.legacyTest.test.TestClass.init(TestClass.java:72)
	at com.legacyTest.test.TestClass.init(TestClass.java:72)
	at com.legacyTest.test.TestClass.init(TestClass.java:72)
	at com.legacyTest.test.TestClass.init(TestClass.java:72)
	at com.legacyTest.test.TestClass.init(TestClass.java:72)
	at com.legacyTest.test.TestClass.init(TestClass.java:72)
	at com.legacyTest.test.TestClass.init(TestClass.java:72)
	at com.legacyTest.test.TestClass.init(TestClass.java:72)
	at com.legacyTest.test.TestClass.init(TestClass.java:72)
	at com.legacyTest.test.TestClass.init(TestClass.java:72)
	at com.legacyTest.test.TestClass.init(TestClass.java:72)
	at com.legacyTest.test.TestClass.init(TestClass.java:72)
	at com.legacyTest.test.TestClass.init(TestClass.java:72)
	at com.legacyTest.test.TestClass.init(TestClass.java:72)
	at com.legacyTest.test.TestClass.init(TestClass.java:72)
	at com.legacyTest.test.TestClass.init(TestClass.java:72)
	at com.legacyTest.test.TestClass.init(TestClass.java:72)
	at com.legacyTest.test.TestClass.init(TestClass.java:72)
	at com.legacyTest.test.TestClass.init(TestClass.java:72)
	at com.legacyTest.test.TestClass.init(TestClass.java:72)
	at com.legacyTest.test.TestClass.init(TestClass.java:72)
	at com.legacyTest.test.TestClass.init(TestClass.java:72)
	at com.legacyTest.test.TestClass.init(TestClass.java:72)
	at com.legacyTest.test.TestClass.init(TestClass.java:72)
	at com.legacyTest.test.TestClass.init(TestClass.java:72)
	at com.legacyTest.test.TestClass.init(TestClass.java:72)
	at com.legacyTest.test.TestClass.init(TestClass.java:72)
	at com.legacyTest.test.TestClass.init(TestClass.java:72)
	at com.legacyTest.test.TestClass.init(TestClass.java:72)
	at com.legacyTest.test.TestClass.init(TestClass.java:72)
	at com.legacyTest.test.TestClass.init(TestClass.java:72)
	at com.legacyTest.test.TestClass.init(TestClass.java:72)
	at com.legacyTest.test.TestClass.init(TestClass.java:72)
	at com.legacyTest.test.TestClass.init(TestClass.java:72)
	at com.legacyTest.test.TestClass.init(TestClass.java:72)
	at com.legacyTest.test.TestClass.init(TestClass.java:72)
	at com.legacyTest.test.TestClass.init(TestClass.java:72)
	at com.legacyTest.test.TestClass.init(TestClass.java:72)
	at com.legacyTest.test.TestClass.init(TestClass.java:72)
	at com.legacyTest.test.TestClass.init(TestClass.java:72)
	at com.legacyTest.test.TestClass.init(TestClass.java:72)
	at com.legacyTest.test.TestClass.init(TestClass.java:72)
	at com.legacyTest.test.TestClass.init(TestClass.java:72)
	at com.legacyTest.test.TestClass.init(TestClass.java:72)
	at com.legacyTest.test.TestClass.init(TestClass.java:72)
	at com.legacyTest.test.TestClass.init(TestClass.java:72)
	at com.legacyTest.test.TestClass.init(TestClass.java:72)
	at com.legacyTest.test.TestClass.init(TestClass.java:72)
	at com.legacyTest.test.TestClass.init(TestClass.java:72)
	at com.legacyTest.test.TestClass.init(TestClass.java:72)
	at com.legacyTest.test.TestClass.init(TestClass.java:72)
	at com.legacyTest.test.TestClass.init(TestClass.java:72)
	at com.legacyTest.test.TestClass.init(TestClass.java:72)
	at com.legacyTest.test.TestClass.init(TestClass.java:72)
	at com.legacyTest.test.TestClass.init(TestClass.java:72)
	at com.legacyTest.test.TestClass.init(TestClass.java:72)
	at com.legacyTest.test.TestClass.init(TestClass.java:72)
	at com.legacyTest.test.TestClass.init(TestClass.java:72)
	at com.legacyTest.test.TestClass.init(TestClass.java:72)
	at com.legacyTest.test.TestClass.init(TestClass.java:72)
	at com.legacyTest.test.TestClass.init(TestClass.java:72)
	at com.legacyTest.test.TestClass.init(TestClass.java:72)
	at com.legacyTest.test.TestClass.init(TestClass.java:72)
	at com.legacyTest.test.TestClass.init(TestClass.java:72)
	at com.legacyTest.test.TestClass.init(TestClass.java:72)
	at com.legacyTest.test.TestClass.init(TestClass.java:72)
	at com.legacyTest.test.TestClass.init(TestClass.java:72)
	at com.legacyTest.test.TestClass.init(TestClass.java:72)
	at com.legacyTest.test.TestClass.init(TestClass.java:72)
	at com.legacyTest.test.TestClass.init(TestClass.java:72)
	at com.legacyTest.test.TestClass.init(TestClass.java:72)
	at com.legacyTest.test.TestClass.init(TestClass.java:72)
	at com.legacyTest.test.TestClass.init(TestClass.java:72)
	at com.legacyTest.test.TestClass.init(TestClass.java:72)
	at com.legacyTest.test.TestClass.init(TestClass.java:72)
	at com.legacyTest.test.TestClass.init(TestClass.java:72)
	at com.legacyTest.test.TestClass.init(TestClass.java:72)
	at com.legacyTest.test.TestClass.init(TestClass.java:72)
	at com.legacyTest.test.TestClass.init(TestClass.java:72)
	at com.legacyTest.test.TestClass.init(TestClass.java:72)
	at com.legacyTest.test.TestClass.init(TestClass.java:72)
	at com.legacyTest.test.TestClass.init(TestClass.java:72)
	at com.legacyTest.test.TestClass.init(TestClass.java:72)
	at com.legacyTest.test.TestClass.init(TestClass.java:72)
	at com.legacyTest.test.TestClass.init(TestClass.java:72)
	at com.legacyTest.test.TestClass.init(TestClass.java:72)
	at com.legacyTest.test.TestClass.init(TestClass.java:72)
	at com.legacyTest.test.TestClass.init(TestClass.java:72)
	at com.legacyTest.test.TestClass.init(TestClass.java:72)
	at com.legacyTest.test.TestClass.init(TestClass.java:72)
	at com.legacyTest.test.TestClass.init(TestClass.java:72)
	at com.legacyTest.test.TestClass.init(TestClass.java:72)
	at com.legacyTest.test.TestClass.init(TestClass.java:72)
	at com.legacyTest.test.TestClass.init(TestClass.java:72)
	at com.legacyTest.test.TestClass.init(TestClass.java:72)
	at com.legacyTest.test.TestClass.init(TestClass.java:72)
	at com.legacyTest.test.TestClass.init(TestClass.java:72)
	at com.legacyTest.test.TestClass.init(TestClass.java:72)
	at com.legacyTest.test.TestClass.init(TestClass.java:72)
	at com.legacyTest.test.TestClass.init(TestClass.java:72)
	at com.legacyTest.test.TestClass.init(TestClass.java:72)
	at com.legacyTest.test.TestClass.init(TestClass.java:72)
	at com.legacyTest.test.TestClass.init(TestClass.java:72)
	at com.legacyTest.test.TestClass.init(TestClass.java:72)
	at com.legacyTest.test.TestClass.init(TestClass.java:72)
	at com.legacyTest.test.TestClass.init(TestClass.java:72)
	at com.legacyTest.test.TestClass.init(TestClass.java:72)
	at com.legacyTest.test.TestClass.init(TestClass.java:72)
	at com.legacyTest.test.TestClass.init(TestClass.java:72)
	at com.legacyTest.test.TestClass.init(TestClass.java:72)
	at com.legacyTest.test.TestClass.init(TestClass.java:72)
	at com.legacyTest.test.TestClass.init(TestClass.java:72)
	at com.legacyTest.test.TestClass.init(TestClass.java:72)
	at com.legacyTest.test.TestClass.init(TestClass.java:72)
	at com.legacyTest.test.TestClass.init(TestClass.java:72)
	at com.legacyTest.test.TestClass.init(TestClass.java:72)
	at com.legacyTest.test.TestClass.init(TestClass.java:72)
	at com.legacyTest.test.TestClass.init(TestClass.java:72)
	at com.legacyTest.test.TestClass.init(TestClass.java:72)
	at com.legacyTest.test.TestClass.init(TestClass.java:72)
	at com.legacyTest.test.TestClass.init(TestClass.java:72)
	at com.legacyTest.test.TestClass.init(TestClass.java:72)
	at com.legacyTest.test.TestClass.init(TestClass.java:72)
	at com.legacyTest.test.TestClass.init(TestClass.java:72)
	at com.legacyTest.test.TestClass.init(TestClass.java:72)
	at com.legacyTest.test.TestClass.init(TestClass.java:72)
	at com.legacyTest.test.TestClass.init(TestClass.java:72)
	at com.legacyTest.test.TestClass.init(TestClass.java:72)
	at com.legacyTest.test.TestClass.init(TestClass.java:72)
	at com.legacyTest.test.TestClass.init(TestClass.java:72)
	at com.legacyTest.test.TestClass.init(TestClass.java:72)
	at com.legacyTest.test.TestClass.init(TestClass.java:72)
	at com.legacyTest.test.TestClass.init(TestClass.java:72)
	at com.legacyTest.test.TestClass.init(TestClass.java:72)
	at com.legacyTest.test.TestClass.init(TestClass.java:72)
	at com.legacyTest.test.TestClass.init(TestClass.java:72)
	at com.legacyTest.test.TestClass.init(TestClass.java:72)
	at com.legacyTest.test.TestClass.init(TestClass.java:72)
	at com.legacyTest.test.TestClass.init(TestClass.java:72)
	at com.legacyTest.test.TestClass.init(TestClass.java:72)
	at com.legacyTest.test.TestClass.init(TestClass.java:72)
	at com.legacyTest.test.TestClass.init(TestClass.java:72)
	at com.legacyTest.test.TestClass.init(TestClass.java:72)
	at com.legacyTest.test.TestClass.init(TestClass.java:72)
	at com.legacyTest.test.TestClass.init(TestClass.java:72)
	at com.legacyTest.test.TestClass.init(TestClass.java:72)
	at com.legacyTest.test.TestClass.init(TestClass.java:72)
	at com.legacyTest.test.TestClass.init(TestClass.java:72)
	at com.legacyTest.test.TestClass.init(TestClass.java:72)
	at com.legacyTest.test.TestClass.init(TestClass.java:72)
	at com.legacyTest.test.TestClass.init(TestClass.java:72)
	at com.legacyTest.test.TestClass.init(TestClass.java:72)
	at com.legacyTest.test.TestClass.init(TestClass.java:72)
	at com.legacyTest.test.TestClass.init(TestClass.java:72)
	at com.legacyTest.test.TestClass.init(TestClass.java:72)
	at com.legacyTest.test.TestClass.init(TestClass.java:72)
	at com.legacyTest.test.TestClass.init(TestClass.java:72)
	at com.legacyTest.test.TestClass.init(TestClass.java:72)
	at com.legacyTest.test.TestClass.init(TestClass.java:72)
	at com.legacyTest.test.TestClass.init(TestClass.java:72)
	at com.legacyTest.test.TestClass.init(TestClass.java:72)
	at com.legacyTest.test.TestClass.init(TestClass.java:72)
	at com.legacyTest.test.TestClass.init(TestClass.java:72)
	at com.legacyTest.test.TestClass.init(TestClass.java:72)
	at com.legacyTest.test.TestClass.init(TestClass.java:72)
	at com.legacyTest.test.TestClass.init(TestClass.java:72)
	at com.legacyTest.test.TestClass.init(TestClass.java:72)
	at com.legacyTest.test.TestClass.init(TestClass.java:72)
	at com.legacyTest.test.TestClass.init(TestClass.java:72)
	at com.legacyTest.test.TestClass.init(TestClass.java:72)
	at com.legacyTest.test.TestClass.init(TestClass.java:72)
	at com.legacyTest.test.TestClass.init(TestClass.java:72)
	at com.legacyTest.test.TestClass.init(TestClass.java:72)
	at com.legacyTest.test.TestClass.init(TestClass.java:72)
	at com.legacyTest.test.TestClass.init(TestClass.java:72)
	at com.legacyTest.test.TestClass.init(TestClass.java:72)
	at com.legacyTest.test.TestClass.init(TestClass.java:72)
	at com.legacyTest.test.TestClass.init(TestClass.java:72)
	at com.legacyTest.test.TestClass.init(TestClass.java:72)
	at com.legacyTest.test.TestClass.init(TestClass.java:72)
	at com.legacyTest.test.TestClass.init(TestClass.java:72)
	at com.legacyTest.test.TestClass.init(TestClass.java:72)
	at com.legacyTest.test.TestClass.init(TestClass.java:72)
	at com.legacyTest.test.TestClass.init(TestClass.java:72)
	at com.legacyTest.test.TestClass.init(TestClass.java:72)
	at com.legacyTest.test.TestClass.init(TestClass.java:72)
	at com.legacyTest.test.TestClass.init(TestClass.java:72)
	at com.legacyTest.test.TestClass.init(TestClass.java:72)
	at com.legacyTest.test.TestClass.init(TestClass.java:72)
	at com.legacyTest.test.TestClass.init(TestClass.java:72)
	at com.legacyTest.test.TestClass.init(TestClass.java:72)
	at com.legacyTest.test.TestClass.init(TestClass.java:72)
	at com.legacyTest.test.TestClass.init(TestClass.java:72)
	at com.legacyTest.test.TestClass.init(TestClass.java:72)
	at com.legacyTest.test.TestClass.init(TestClass.java:72)
	at com.legacyTest.test.TestClass.init(TestClass.java:72)
	at com.legacyTest.test.TestClass.init(TestClass.java:72)
	at com.legacyTest.test.TestClass.init(TestClass.java:72)
	at com.legacyTest.test.TestClass.init(TestClass.java:72)
	at com.legacyTest.test.TestClass.init(TestClass.java:72)
	at com.legacyTest.test.TestClass.init(TestClass.java:72)
	at com.legacyTest.test.TestClass.init(TestClass.java:72)
	at com.legacyTest.test.TestClass.init(TestClass.java:72)
	at com.legacyTest.test.TestClass.init(TestClass.java:72)
	at com.legacyTest.test.TestClass.init(TestClass.java:72)
	at com.legacyTest.test.TestClass.init(TestClass.java:72)
	at com.legacyTest.test.TestClass.init(TestClass.java:72)
	at com.legacyTest.test.TestClass.init(TestClass.java:72)
	at com.legacyTest.test.TestClass.init(TestClass.java:72)
	at com.legacyTest.test.TestClass.init(TestClass.java:72)
	at com.legacyTest.test.TestClass.init(TestClass.java:72)
	at com.legacyTest.test.TestClass.init(TestClass.java:72)
	at com.legacyTest.test.TestClass.init(TestClass.java:72)
	at com.legacyTest.test.TestClass.init(TestClass.java:72)
	at com.legacyTest.test.TestClass.init(TestClass.java:72)
	at com.legacyTest.test.TestClass.init(TestClass.java:72)
	at com.legacyTest.test.TestClass.init(TestClass.java:72)
	at com.legacyTest.test.TestClass.init(TestClass.java:72)
	at com.legacyTest.test.TestClass.init(TestClass.java:72)
	at com.legacyTest.test.TestClass.init(TestClass.java:72)
	at com.legacyTest.test.TestClass.init(TestClass.java:72)
	at com.legacyTest.test.TestClass.init(TestClass.java:72)
	at com.legacyTest.test.TestClass.init(TestClass.java:72)
	at com.legacyTest.test.TestClass.init(TestClass.java:72)
	at com.legacyTest.test.TestClass.init(TestClass.java:72)
	at com.legacyTest.test.TestClass.init(TestClass.java:72)
	at com.legacyTest.test.TestClass.init(TestClass.java:72)
	at com.legacyTest.test.TestClass.init(TestClass.java:72)
	at com.legacyTest.test.TestClass.init(TestClass.java:72)
	at com.legacyTest.test.TestClass.init(TestClass.java:72)
	at com.legacyTest.test.TestClass.init(TestClass.java:72)
	at com.legacyTest.test.TestClass.init(TestClass.java:72)
	at com.legacyTest.test.TestClass.init(TestClass.java:72)
	at com.legacyTest.test.TestClass.init(TestClass.java:72)
	at com.legacyTest.test.TestClass.init(TestClass.java:72)
	at com.legacyTest.test.TestClass.init(TestClass.java:72)
	at com.legacyTest.test.TestClass.init(TestClass.java:72)
	at com.legacyTest.test.TestClass.init(TestClass.java:72)
	at com.legacyTest.test.TestClass.init(TestClass.java:72)
	at com.legacyTest.test.TestClass.init(TestClass.java:72)
	at com.legacyTest.test.TestClass.init(TestClass.java:72)
	at com.legacyTest.test.TestClass.init(TestClass.java:72)
	at com.legacyTest.test.TestClass.init(TestClass.java:72)
	at com.legacyTest.test.TestClass.init(TestClass.java:72)
	at com.legacyTest.test.TestClass.init(TestClass.java:72)
	at com.legacyTest.test.TestClass.init(TestClass.java:72)
	at com.legacyTest.test.TestClass.init(TestClass.java:72)
	at com.legacyTest.test.TestClass.init(TestClass.java:72)
	at com.legacyTest.test.TestClass.init(TestClass.java:72)
	at com.legacyTest.test.TestClass.init(TestClass.java:72)
	at com.legacyTest.test.TestClass.init(TestClass.java:72)
	at com.legacyTest.test.TestClass.init(TestClass.java:72)
	at com.legacyTest.test.TestClass.init(TestClass.java:72)
	at com.legacyTest.test.TestClass.init(TestClass.java:72)
	at com.legacyTest.test.TestClass.init(TestClass.java:72)
	at com.legacyTest.test.TestClass.init(TestClass.java:72)
	at com.legacyTest.test.TestClass.init(TestClass.java:72)
	at com.legacyTest.test.TestClass.init(TestClass.java:72)
	at com.legacyTest.test.TestClass.init(TestClass.java:72)
	at com.legacyTest.test.TestClass.init(TestClass.java:72)
	at com.legacyTest.test.TestClass.init(TestClass.java:72)
	at com.legacyTest.test.TestClass.init(TestClass.java:72)
	at com.legacyTest.test.TestClass.init(TestClass.java:72)
	at com.legacyTest.test.TestClass.init(TestClass.java:72)
	at com.legacyTest.test.TestClass.init(TestClass.java:72)
	at com.legacyTest.test.TestClass.init(TestClass.java:72)
	at com.legacyTest.test.TestClass.init(TestClass.java:72)
	at com.legacyTest.test.TestClass.init(TestClass.java:72)
	at com.legacyTest.test.TestClass.init(TestClass.java:72)
	at com.legacyTest.test.TestClass.init(TestClass.java:72)
	at com.legacyTest.test.TestClass.init(TestClass.java:72)
	at com.legacyTest.test.TestClass.init(TestClass.java:72)
	at com.legacyTest.test.TestClass.init(TestClass.java:72)
	at com.legacyTest.test.TestClass.init(TestClass.java:72)
	at com.legacyTest.test.TestClass.init(TestClass.java:72)
	at com.legacyTest.test.TestClass.init(TestClass.java:72)
	at com.legacyTest.test.TestClass.init(TestClass.java:72)
	at com.legacyTest.test.TestClass.init(TestClass.java:72)
	at com.legacyTest.test.TestClass.init(TestClass.java:72)
	at com.legacyTest.test.TestClass.init(TestClass.java:72)
	at com.legacyTest.test.TestClass.init(TestClass.java:72)
	at com.legacyTest.test.TestClass.init(TestClass.java:72)
	at com.legacyTest.test.TestClass.init(TestClass.java:72)
	at com.legacyTest.test.TestClass.init(TestClass.java:72)
	at com.legacyTest.test.TestClass.init(TestClass.java:72)
	at com.legacyTest.test.TestClass.init(TestClass.java:72)
	at com.legacyTest.test.TestClass.init(TestClass.java:72)
	at com.legacyTest.test.TestClass.init(TestClass.java:72)
	at com.legacyTest.test.TestClass.init(TestClass.java:72)
	at com.legacyTest.test.TestClass.init(TestClass.java:72)
	at com.legacyTest.test.TestClass.init(TestClass.java:72)
	at com.legacyTest.test.TestClass.init(TestClass.java:72)
	at com.legacyTest.test.TestClass.init(TestClass.java:72)
	at com.legacyTest.test.TestClass.init(TestClass.java:72)
	at com.legacyTest.test.TestClass.init(TestClass.java:72)
	at com.legacyTest.test.TestClass.init(TestClass.java:72)
	at com.legacyTest.test.TestClass.init(TestClass.java:72)
	at com.legacyTest.test.TestClass.init(TestClass.java:72)
	at com.legacyTest.test.TestClass.init(TestClass.java:72)
	at com.legacyTest.test.TestClass.init(TestClass.java:72)
	at com.legacyTest.test.TestClass.init(TestClass.java:72)
	at com.legacyTest.test.TestClass.init(TestClass.java:72)
	at com.legacyTest.test.TestClass.init(TestClass.java:72)
	at com.legacyTest.test.TestClass.init(TestClass.java:72)
	at com.legacyTest.test.TestClass.init(TestClass.java:72)
	at com.legacyTest.test.TestClass.init(TestClass.java:72)
	at com.legacyTest.test.TestClass.init(TestClass.java:72)
	at com.legacyTest.test.TestClass.init(TestClass.java:72)
	at com.legacyTest.test.TestClass.init(TestClass.java:72)
	at com.legacyTest.test.TestClass.init(TestClass.java:72)
	at com.legacyTest.test.TestClass.init(TestClass.java:72)
	at com.legacyTest.test.TestClass.init(TestClass.java:72)
	at com.legacyTest.test.TestClass.init(TestClass.java:72)
	at com.legacyTest.test.TestClass.init(TestClass.java:72)
	at com.legacyTest.test.TestClass.init(TestClass.java:72)
	at com.legacyTest.test.TestClass.init(TestClass.java:72)
	at com.legacyTest.test.TestClass.init(TestClass.java:72)
	at com.legacyTest.test.TestClass.init(TestClass.java:72)
	at com.legacyTest.test.TestClass.init(TestClass.java:72)
	at com.legacyTest.test.TestClass.init(TestClass.java:72)
	at com.legacyTest.test.TestClass.init(TestClass.java:72)
	at com.legacyTest.test.TestClass.init(TestClass.java:72)
	at com.legacyTest.test.TestClass.init(TestClass.java:72)
	at com.legacyTest.test.TestClass.init(TestClass.java:72)
	at com.legacyTest.test.TestClass.init(TestClass.java:72)
	at com.legacyTest.test.TestClass.init(TestClass.java:72)
	at com.legacyTest.test.TestClass.init(TestClass.java:72)
	at com.legacyTest.test.TestClass.init(TestClass.java:72)
	at com.legacyTest.test.TestClass.init(TestClass.java:72)
	at com.legacyTest.test.TestClass.init(TestClass.java:72)
	at com.legacyTest.test.TestClass.init(TestClass.java:72)
	at com.legacyTest.test.TestClass.init(TestClass.java:72)
	at com.legacyTest.test.TestClass.init(TestClass.java:72)
	at com.legacyTest.test.TestClass.init(TestClass.java:72)
	at com.legacyTest.test.TestClass.init(TestClass.java:72)
	at com.legacyTest.test.TestClass.init(TestClass.java:72)
	at com.legacyTest.test.TestClass.init(TestClass.java:72)
	at com.legacyTest.test.TestClass.init(TestClass.java:72)
	at com.legacyTest.test.TestClass.init(TestClass.java:72)
	at com.legacyTest.test.TestClass.init(TestClass.java:72)
	at com.legacyTest.test.TestClass.init(TestClass.java:72)
	at com.legacyTest.test.TestClass.init(TestClass.java:72)
	at com.legacyTest.test.TestClass.init(TestClass.java:72)
	at com.legacyTest.test.TestClass.init(TestClass.java:72)
	at com.legacyTest.test.TestClass.init(TestClass.java:72)
	at com.legacyTest.test.TestClass.init(TestClass.java:72)
	at com.legacyTest.test.TestClass.init(TestClass.java:72)
	at com.legacyTest.test.TestClass.init(TestClass.java:72)
	at com.legacyTest.test.TestClass.init(TestClass.java:72)
	at com.legacyTest.test.TestClass.init(TestClass.java:72)
	at com.legacyTest.test.TestClass.init(TestClass.java:72)
	at com.legacyTest.test.TestClass.init(TestClass.java:72)
	at com.legacyTest.test.TestClass.init(TestClass.java:72)
	at com.legacyTest.test.TestClass.init(TestClass.java:72)
	at com.legacyTest.test.TestClass.init(TestClass.java:72)
	at com.legacyTest.test.TestClass.init(TestClass.java:72)
	at com.legacyTest.test.TestClass.init(TestClass.java:72)
	at com.legacyTest.test.TestClass.init(TestClass.java:72)
	at com.legacyTest.test.TestClass.init(TestClass.java:72)
	at com.legacyTest.test.TestClass.init(TestClass.java:72)
	at com.legacyTest.test.TestClass.init(TestClass.java:72)
	at com.legacyTest.test.TestClass.init(TestClass.java:72)
	at com.legacyTest.test.TestClass.init(TestClass.java:72)
	at com.legacyTest.test.TestClass.init(TestClass.java:72)
	at com.legacyTest.test.TestClass.init(TestClass.java:72)
	at com.legacyTest.test.TestClass.init(TestClass.java:72)
	at com.legacyTest.test.TestClass.init(TestClass.java:72)
	at com.legacyTest.test.TestClass.init(TestClass.java:72)
	at com.legacyTest.test.TestClass.init(TestClass.java:72)
	at com.legacyTest.test.TestClass.init(TestClass.java:72)
	at com.legacyTest.test.TestClass.init(TestClass.java:72)
	at com.legacyTest.test.TestClass.init(TestClass.java:72)
	at com.legacyTest.test.TestClass.init(TestClass.java:72)
	at com.legacyTest.test.TestClass.init(TestClass.java:72)
	at com.legacyTest.test.TestClass.init(TestClass.java:72)
	at com.legacyTest.test.TestClass.init(TestClass.java:72)
	at com.legacyTest.test.TestClass.init(TestClass.java:72)
	at com.legacyTest.test.TestClass.init(TestClass.java:72)
	at com.legacyTest.test.TestClass.init(TestClass.java:72)
	at com.legacyTest.test.TestClass.init(TestClass.java:72)
	at com.legacyTest.test.TestClass.init(TestClass.java:72)
	at com.legacyTest.test.TestClass.init(TestClass.java:72)
	at com.legacyTest.test.TestClass.init(TestClass.java:72)
	at com.legacyTest.test.TestClass.init(TestClass.java:72)
	at com.legacyTest.test.TestClass.init(TestClass.java:72)
	at com.legacyTest.test.TestClass.init(TestClass.java:72)
	at com.legacyTest.test.TestClass.init(TestClass.java:72)
	at com.legacyTest.test.TestClass.init(TestClass.java:72)
	at com.legacyTest.test.TestClass.init(TestClass.java:72)
	at com.legacyTest.test.TestClass.init(TestClass.java:72)
	at com.legacyTest.test.TestClass.init(TestClass.java:72)
	at com.legacyTest.test.TestClass.init(TestClass.java:72)
	at com.legacyTest.test.TestClass.init(TestClass.java:72)
	at com.legacyTest.test.TestClass.init(TestClass.java:72)
	at com.legacyTest.test.TestClass.init(TestClass.java:72)
	at com.legacyTest.test.TestClass.init(TestClass.java:72)
	at com.legacyTest.test.TestClass.init(TestClass.java:72)
	at com.legacyTest.test.TestClass.init(TestClass.java:72)
	at com.legacyTest.test.TestClass.init(TestClass.java:72)
	at com.legacyTest.test.TestClass.init(TestClass.java:72)
	at com.legacyTest.test.TestClass.init(TestClass.java:72)
	at com.legacyTest.test.TestClass.init(TestClass.java:72)
	at com.legacyTest.test.TestClass.init(TestClass.java:72)
	at com.legacyTest.test.TestClass.init(TestClass.java:72)
	at com.legacyTest.test.TestClass.init(TestClass.java:72)
	at com.legacyTest.test.TestClass.init(TestClass.java:72)
	at com.legacyTest.test.TestClass.init(TestClass.java:72)
	at com.legacyTest.test.TestClass.init(TestClass.java:72)
	at com.legacyTest.test.TestClass.init(TestClass.java:72)
	at com.legacyTest.test.TestClass.init(TestClass.java:72)
	at com.legacyTest.test.TestClass.init(TestClass.java:72)
	at com.legacyTest.test.TestClass.init(TestClass.java:72)
	at com.legacyTest.test.TestClass.init(TestClass.java:72)
	at com.legacyTest.test.TestClass.init(TestClass.java:72)
	at com.legacyTest.test.TestClass.init(TestClass.java:72)
	at com.legacyTest.test.TestClass.init(TestClass.java:72)
	at com.legacyTest.test.TestClass.init(TestClass.java:72)
	at com.legacyTest.test.TestClass.init(TestClass.java:72)
	at com.legacyTest.test.TestClass.init(TestClass.java:72)
	at com.legacyTest.test.TestClass.init(TestClass.java:72)
	at com.legacyTest.test.TestClass.init(TestClass.java:72)
	at com.legacyTest.test.TestClass.init(TestClass.java:72)
	at com.legacyTest.test.TestClass.init(TestClass.java:72)
	at com.legacyTest.test.TestClass.init(TestClass.java:72)
	at com.legacyTest.test.TestClass.init(TestClass.java:72)
	at com.legacyTest.test.TestClass.init(TestClass.java:72)
	at com.legacyTest.test.TestClass.init(TestClass.java:72)
	at com.legacyTest.test.TestClass.init(TestClass.java:72)
	at com.legacyTest.test.TestClass.init(TestClass.java:72)
	at com.legacyTest.test.TestClass.init(TestClass.java:72)
	at com.legacyTest.test.TestClass.init(TestClass.java:72)
	at com.legacyTest.test.TestClass.init(TestClass.java:72)
	at com.legacyTest.test.TestClass.init(TestClass.java:72)
	at com.legacyTest.test.TestClass.init(TestClass.java:72)
	at com.legacyTest.test.TestClass.init(TestClass.java:72)
	at com.legacyTest.test.TestClass.init(TestClass.java:72)
	at com.legacyTest.test.TestClass.init(TestClass.java:72)
	at com.legacyTest.test.TestClass.init(TestClass.java:72)
	at com.legacyTest.test.TestClass.init(TestClass.java:72)
	at com.legacyTest.test.TestClass.init(TestClass.java:72)
	at com.legacyTest.test.TestClass.init(TestClass.java:72)
	at com.legacyTest.test.TestClass.init(TestClass.java:72)
	at com.legacyTest.test.TestClass.init(TestClass.java:72)
	at com.legacyTest.test.TestClass.init(TestClass.java:72)
	at com.legacyTest.test.TestClass.init(TestClass.java:72)
	at com.legacyTest.test.TestClass.init(TestClass.java:72)
	at com.legacyTest.test.TestClass.init(TestClass.java:72)
	at com.legacyTest.test.TestClass.init(TestClass.java:72)
	at com.legacyTest.test.TestClass.init(TestClass.java:72)
	at com.legacyTest.test.TestClass.init(TestClass.java:72)
	at com.legacyTest.test.TestClass.init(TestClass.java:72)
	at com.legacyTest.test.TestClass.init(TestClass.java:72)
	at com.legacyTest.test.TestClass.init(TestClass.java:72)
	at com.legacyTest.test.TestClass.init(TestClass.java:72)
	at com.legacyTest.test.TestClass.init(TestClass.java:72)
	at com.legacyTest.test.TestClass.init(TestClass.java:72)
	at com.legacyTest.test.TestClass.init(TestClass.java:72)
	at com.legacyTest.test.TestClass.init(TestClass.java:72)
	at com.legacyTest.test.TestClass.init(TestClass.java:72)
	at com.legacyTest.test.TestClass.init(TestClass.java:72)
	at com.legacyTest.test.TestClass.init(TestClass.java:72)
	at com.legacyTest.test.TestClass.init(TestClass.java:72)
	at com.legacyTest.test.TestClass.init(TestClass.java:72)
	at com.legacyTest.test.TestClass.init(TestClass.java:72)
	at com.legacyTest.test.TestClass.init(TestClass.java:72)
	at com.legacyTest.test.TestClass.init(TestClass.java:72)
	at com.legacyTest.test.TestClass.init(TestClass.java:72)
	at com.legacyTest.test.TestClass.init(TestClass.java:72)
	at com.legacyTest.test.TestClass.init(TestClass.java:72)
	at com.legacyTest.test.TestClass.init(TestClass.java:72)
	at com.legacyTest.test.TestClass.init(TestClass.java:72)
	at com.legacyTest.test.TestClass.init(TestClass.java:72)
	at com.legacyTest.test.TestClass.init(TestClass.java:72)
	at com.legacyTest.test.TestClass.init(TestClass.java:72)
	at com.legacyTest.test.TestClass.init(TestClass.java:72)
	at com.legacyTest.test.TestClass.init(TestClass.java:72)
	at com.legacyTest.test.TestClass.init(TestClass.java:72)
	at com.legacyTest.test.TestClass.init(TestClass.java:72)
	at com.legacyTest.test.TestClass.init(TestClass.java:72)
	at com.legacyTest.test.TestClass.init(TestClass.java:72)
	at com.legacyTest.test.TestClass.init(TestClass.java:72)
	at com.legacyTest.test.TestClass.init(TestClass.java:72)
	at com.legacyTest.test.TestClass.init(TestClass.java:72)
	at com.legacyTest.test.TestClass.init(TestClass.java:72)
	at com.legacyTest.test.TestClass.init(TestClass.java:72)
	at com.legacyTest.test.TestClass.init(TestClass.java:72)
	at com.legacyTest.test.TestClass.init(TestClass.java:72)
	at com.legacyTest.test.TestClass.init(TestClass.java:72)
	at com.legacyTest.test.TestClass.init(TestClass.java:72)
	at com.legacyTest.test.TestClass.init(TestClass.java:72)
	at com.legacyTest.test.TestClass.init(TestClass.java:72)
	at com.legacyTest.test.TestClass.init(TestClass.java:72)
	at com.legacyTest.test.TestClass.init(TestClass.java:72)
	at com.legacyTest.test.TestClass.init(TestClass.java:72)
	at com.legacyTest.test.TestClass.init(TestClass.java:72)
	at com.legacyTest.test.TestClass.init(TestClass.java:72)
	at com.legacyTest.test.TestClass.init(TestClass.java:72)
	at com.legacyTest.test.TestClass.init(TestClass.java:72)
	at com.legacyTest.test.TestClass.init(TestClass.java:72)
	at com.legacyTest.test.TestClass.init(TestClass.java:72)
	at com.legacyTest.test.TestClass.init(TestClass.java:72)
	at com.legacyTest.test.TestClass.init(TestClass.java:72)
	at com.legacyTest.test.TestClass.init(TestClass.java:72)
	at com.legacyTest.test.TestClass.init(TestClass.java:72)
	at com.legacyTest.test.TestClass.init(TestClass.java:72)
	at com.legacyTest.test.TestClass.init(TestClass.java:72)
	at com.legacyTest.test.TestClass.init(TestClass.java:72)
	at com.legacyTest.test.TestClass.init(TestClass.java:72)
	at com.legacyTest.test.TestClass.init(TestClass.java:72)
	at com.legacyTest.test.TestClass.init(TestClass.java:72)
	at com.legacyTest.test.TestClass.init(TestClass.java:72)
	at com.legacyTest.test.TestClass.init(TestClass.java:72)
	at com.legacyTest.test.TestClass.init(TestClass.java:72)
	at com.legacyTest.test.TestClass.init(TestClass.java:72)
	at com.legacyTest.test.TestClass.init(TestClass.java:72)
	at com.legacyTest.test.TestClass.init(TestClass.java:72)
	at com.legacyTest.test.TestClass.init(TestClass.java:72)
	at com.legacyTest.test.TestClass.init(TestClass.java:72)
	at com.legacyTest.test.TestClass.init(TestClass.java:72)
	at com.legacyTest.test.TestClass.init(TestClass.java:72)
	at com.legacyTest.test.TestClass.init(TestClass.java:72)
	at com.legacyTest.test.TestClass.init(TestClass.java:72)
	at com.legacyTest.test.TestClass.init(TestClass.java:72)
	at com.legacyTest.test.TestClass.init(TestClass.java:72)
	at com.legacyTest.test.TestClass.init(TestClass.java:72)
	at com.legacyTest.test.TestClass.init(TestClass.java:72)
	at com.legacyTest.test.TestClass.init(TestClass.java:72)
	at com.legacyTest.test.TestClass.init(TestClass.java:72)
	at com.legacyTest.test.TestClass.init(TestClass.java:72)
	at com.legacyTest.test.TestClass.init(TestClass.java:72)
	at com.legacyTest.test.TestClass.init(TestClass.java:72)
	at com.legacyTest.test.TestClass.init(TestClass.java:72)
	at com.legacyTest.test.TestClass.init(TestClass.java:72)
	at com.legacyTest.test.TestClass.init(TestClass.java:72)
	at com.legacyTest.test.TestClass.init(TestClass.java:72)
	at com.legacyTest.test.TestClass.init(TestClass.java:72)
	at com.legacyTest.test.TestClass.init(TestClass.java:72)
	at com.legacyTest.test.TestClass.init(TestClass.java:72)
	at com.legacyTest.test.TestClass.init(TestClass.java:72)
	at com.legacyTest.test.TestClass.init(TestClass.java:72)
	at com.legacyTest.test.TestClass.init(TestClass.java:72)
	at com.legacyTest.test.TestClass.init(TestClass.java:72)
	at com.legacyTest.test.TestClass.init(TestClass.java:72)
	at com.legacyTest.test.TestClass.init(TestClass.java:72)
	at com.legacyTest.test.TestClass.init(TestClass.java:72)
	at com.legacyTest.test.TestClass.init(TestClass.java:72)
	at com.legacyTest.test.TestClass.init(TestClass.java:72)
	at com.legacyTest.test.TestClass.init(TestClass.java:72)
	at com.legacyTest.test.TestClass.init(TestClass.java:72)
	at com.legacyTest.test.TestClass.init(TestClass.java:72)
	at com.legacyTest.test.TestClass.init(TestClass.java:72)
	at com.legacyTest.test.TestClass.init(TestClass.java:72)
	at com.legacyTest.test.TestClass.init(TestClass.java:72)
	at com.legacyTest.test.TestClass.init(TestClass.java:72)
	at com.legacyTest.test.TestClass.init(TestClass.java:72)
	at com.legacyTest.test.TestClass.init(TestClass.java:72)
	at com.legacyTest.test.TestClass.init(TestClass.java:72)
	at com.legacyTest.test.TestClass.init(TestClass.java:72)
	at com.legacyTest.test.TestClass.init(TestClass.java:72)
	at com.legacyTest.test.TestClass.init(TestClass.java:72)
	at com.legacyTest.test.TestClass.init(TestClass.java:72)
	at com.legacyTest.test.TestClass.init(TestClass.java:72)
	at com.legacyTest.test.TestClass.init(TestClass.java:72)
	at com.legacyTest.test.TestClass.init(TestClass.java:72)
	at com.legacyTest.test.TestClass.init(TestClass.java:72)
	at com.legacyTest.test.TestClass.init(TestClass.java:72)
	at com.legacyTest.test.TestClass.init(TestClass.java:72)
	at com.legacyTest.test.TestClass.init(TestClass.java:72)
	at com.legacyTest.test.TestClass.init(TestClass.java:72)
	at com.legacyTest.test.TestClass.init(TestClass.java:72)
	at com.legacyTest.test.TestClass.init(TestClass.java:72)
	at com.legacyTest.test.TestClass.init(TestClass.java:72)
	at com.legacyTest.test.TestClass.init(TestClass.java:72)
	at com.legacyTest.test.TestClass.init(TestClass.java:72)
	at com.legacyTest.test.TestClass.init(TestClass.java:72)
	at com.legacyTest.test.TestClass.init(TestClass.java:72)
	at com.legacyTest.test.TestClass.init(TestClass.java:72)
	at com.legacyTest.test.TestClass.init(TestClass.java:72)
	at com.legacyTest.test.TestClass.init(TestClass.java:72)
	at com.legacyTest.test.TestClass.init(TestClass.java:72)
	at com.legacyTest.test.TestClass.init(TestClass.java:72)
	at com.legacyTest.test.TestClass.init(TestClass.java:72)
	at com.legacyTest.test.TestClass.init(TestClass.java:72)
	at com.legacyTest.test.TestClass.init(TestClass.java:72)
	at com.legacyTest.test.TestClass.init(TestClass.java:72)
	at com.legacyTest.test.TestClass.init(TestClass.java:72)
	at com.legacyTest.test.TestClass.init(TestClass.java:72)
	at com.legacyTest.test.TestClass.init(TestClass.java:72)
	at com.legacyTest.test.TestClass.init(TestClass.java:72)
	at com.legacyTest.test.TestClass.init(TestClass.java:72)
	at com.legacyTest.test.TestClass.init(TestClass.java:72)
	at com.legacyTest.test.TestClass.init(TestClass.java:72)
	at com.legacyTest.test.TestClass.init(TestClass.java:72)
	at com.legacyTest.test.TestClass.init(TestClass.java:72)
	at com.legacyTest.test.TestClass.init(TestClass.java:72)
	at com.legacyTest.test.TestClass.init(TestClass.java:72)
	at com.legacyTest.test.TestClass.init(TestClass.java:72)
	at com.legacyTest.test.TestClass.init(TestClass.java:72)
	at com.legacyTest.test.TestClass.init(TestClass.java:72)
	at com.legacyTest.test.TestClass.init(TestClass.java:72)
	at com.legacyTest.test.TestClass.init(TestClass.java:72)
	at com.legacyTest.test.TestClass.init(TestClass.java:72)
	at com.legacyTest.test.TestClass.init(TestClass.java:72)
	at com.legacyTest.test.TestClass.init(TestClass.java:72)
	at com.legacyTest.test.TestClass.init(TestClass.java:72)
	at com.legacyTest.test.TestClass.init(TestClass.java:72)
	at com.legacyTest.test.TestClass.init(TestClass.java:72)
	at com.legacyTest.test.TestClass.init(TestClass.java:72)
	at com.legacyTest.test.TestClass.init(TestClass.java:72)
	at com.legacyTest.test.TestClass.init(TestClass.java:72)
	at com.legacyTest.test.TestClass.init(TestClass.java:72)
	at com.legacyTest.test.TestClass.init(TestClass.java:72)
	at com.legacyTest.test.TestClass.init(TestClass.java:72)
	at com.legacyTest.test.TestClass.init(TestClass.java:72)
	at com.legacyTest.test.TestClass.init(TestClass.java:72)
	at com.legacyTest.test.TestClass.init(TestClass.java:72)
	at com.legacyTest.test.TestClass.init(TestClass.java:72)
	at com.legacyTest.test.TestClass.init(TestClass.java:72)
	at com.legacyTest.test.TestClass.init(TestClass.java:72)
	at com.legacyTest.test.TestClass.init(TestClass.java:72)
	at com.legacyTest.test.TestClass.init(TestClass.java:72)
	at com.legacyTest.test.TestClass.init(TestClass.java:72)
	at com.legacyTest.test.TestClass.init(TestClass.java:72)
	at com.legacyTest.test.TestClass.init(TestClass.java:72)
	at com.legacyTest.test.TestClass.init(TestClass.java:72)
	at com.legacyTest.test.TestClass.init(TestClass.java:72)
	at com.legacyTest.test.TestClass.init(TestClass.java:72)
	at com.legacyTest.test.TestClass.init(TestClass.java:72)
	at com.legacyTest.test.TestClass.init(TestClass.java:72)
	at com.legacyTest.test.TestClass.init(TestClass.java:72)
	at com.legacyTest.test.TestClass.init(TestClass.java:72)
	at com.legacyTest.test.TestClass.init(TestClass.java:72)
	at com.legacyTest.test.TestClass.init(TestClass.java:72)
	at com.legacyTest.test.TestClass.init(TestClass.java:72)
	at com.legacyTest.test.TestClass.init(TestClass.java:72)
	at com.legacyTest.test.TestClass.init(TestClass.java:72)
	at com.legacyTest.test.TestClass.init(TestClass.java:72)
	at com.legacyTest.test.TestClass.init(TestClass.java:72)
	at com.legacyTest.test.TestClass.init(TestClass.java:72)
	at com.legacyTest.test.TestClass.init(TestClass.java:72)
	at com.legacyTest.test.TestClass.init(TestClass.java:72)
	at com.legacyTest.test.TestClass.init(TestClass.java:72)
	at com.legacyTest.test.TestClass.init(TestClass.java:72)
	at com.legacyTest.test.TestClass.init(TestClass.java:72)
	at com.legacyTest.test.TestClass.init(TestClass.java:72)
	at com.legacyTest.test.TestClass.init(TestClass.java:72)
	at com.legacyTest.test.TestClass.init(TestClass.java:72)
	at com.legacyTest.test.TestClass.init(TestClass.java:72)
	at com.legacyTest.test.TestClass.init(TestClass.java:72)
	at com.legacyTest.test.TestClass.init(TestClass.java:72)
	at com.legacyTest.test.TestClass.init(TestClass.java:72)
	at com.legacyTest.test.TestClass.init(TestClass.java:72)
	at com.legacyTest.test.TestClass.init(TestClass.java:72)
	at com.legacyTest.test.TestClass.init(TestClass.java:72)
	at com.legacyTest.test.TestClass.init(TestClass.java:72)
	at com.legacyTest.test.TestClass.init(TestClass.java:72)
	at com.legacyTest.test.TestClass.init(TestClass.java:72)
	at com.legacyTest.test.TestClass.init(TestClass.java:72)
	at com.legacyTest.test.TestClass.init(TestClass.java:72)
	at com.legacyTest.test.TestClass.init(TestClass.java:72)
	at com.legacyTest.test.TestClass.init(TestClass.java:72)
	at com.legacyTest.test.TestClass.init(TestClass.java:72)
	at com.legacyTest.test.TestClass.init(TestClass.java:72)
	at com.legacyTest.test.TestClass.init(TestClass.java:72)
	at com.legacyTest.test.TestClass.init(TestClass.java:72)
	at com.legacyTest.test.TestClass.init(TestClass.java:72)
	at com.legacyTest.test.TestClass.init(TestClass.java:72)
	at com.legacyTest.test.TestClass.init(TestClass.java:72)
	at com.legacyTest.test.TestClass.init(TestClass.java:72)
	at com.legacyTest.test.TestClass.init(TestClass.java:72)
	at com.legacyTest.test.TestClass.init(TestClass.java:72)
	at com.legacyTest.test.TestClass.init(TestClass.java:72)
	at com.legacyTest.test.TestClass.init(TestClass.java:72)
	at com.legacyTest.test.TestClass.init(TestClass.java:72)
	at com.legacyTest.test.TestClass.init(TestClass.java:72)
	at com.legacyTest.test.TestClass.init(TestClass.java:72)
	at com.legacyTest.test.TestClass.init(TestClass.java:72)
	at com.legacyTest.test.TestClass.init(TestClass.java:72)
	at com.legacyTest.test.TestClass.init(TestClass.java:72)
	at com.legacyTest.test.TestClass.init(TestClass.java:72)
	at com.legacyTest.test.TestClass.init(TestClass.java:72)
	at com.legacyTest.test.TestClass.init(TestClass.java:72)
	at com.legacyTest.test.TestClass.init(TestClass.java:72)
	at com.legacyTest.test.TestClass.init(TestClass.java:72)
	at com.legacyTest.test.TestClass.init(TestClass.java:72)
	at com.legacyTest.test.TestClass.init(TestClass.java:72)
	at com.legacyTest.test.TestClass.init(TestClass.java:72)
	at com.legacyTest.test.TestClass.init(TestClass.java:72)
	at com.legacyTest.test.TestClass.init(TestClass.java:72)
	at com.legacyTest.test.TestClass.init(TestClass.java:72)
	at com.legacyTest.test.TestClass.init(TestClass.java:72)
	at com.legacyTest.test.TestClass.init(TestClass.java:72)
	at com.legacyTest.test.TestClass.init(TestClass.java:72)
	at com.legacyTest.test.TestClass.init(TestClass.java:72)
	at com.legacyTest.test.TestClass.init(TestClass.java:72)
	at com.legacyTest.test.TestClass.init(TestClass.java:72)
	at com.legacyTest.test.TestClass.init(TestClass.java:72)
	at com.legacyTest.test.TestClass.init(TestClass.java:72)
	at com.legacyTest.test.TestClass.init(TestClass.java:72)
	at com.legacyTest.test.TestClass.init(TestClass.java:72)
	at com.legacyTest.test.TestClass.init(TestClass.java:72)
	at com.legacyTest.test.TestClass.init(TestClass.java:72)
	at com.legacyTest.test.TestClass.init(TestClass.java:72)
	at com.legacyTest.test.TestClass.init(TestClass.java:72)
	at com.legacyTest.test.TestClass.init(TestClass.java:72)
	at com.legacyTest.test.TestClass.init(TestClass.java:72)
	at com.legacyTest.test.TestClass.init(TestClass.java:72)
	at com.legacyTest.test.TestClass.init(TestClass.java:72)
	at com.legacyTest.test.TestClass.init(TestClass.java:72)
	at com.legacyTest.test.TestClass.init(TestClass.java:72)
	at com.legacyTest.test.TestClass.init(TestClass.java:72)
	at com.legacyTest.test.TestClass.init(TestClass.java:72)
	at com.legacyTest.test.TestClass.init(TestClass.java:72)
	at com.legacyTest.test.TestClass.init(TestClass.java:72)
	at com.legacyTest.test.TestClass.init(TestClass.java:72)
	at com.legacyTest.test.TestClass.init(TestClass.java:72)
	at com.legacyTest.test.TestClass.init(TestClass.java:72)
	at com.legacyTest.test.TestClass.init(TestClass.java:72)
	at com.legacyTest.test.TestClass.init(TestClass.java:72)
	at com.legacyTest.test.TestClass.init(TestClass.java:72)
	at com.legacyTest.test.TestClass.init(TestClass.java:72)
	at com.legacyTest.test.TestClass.init(TestClass.java:72)
	at com.legacyTest.test.TestClass.init(TestClass.java:72)
	at com.legacyTest.test.TestClass.init(TestClass.java:72)
	at com.legacyTest.test.TestClass.init(TestClass.java:72)
	at com.legacyTest.test.TestClass.init(TestClass.java:72)
	at com.legacyTest.test.TestClass.init(TestClass.java:72)
	at com.legacyTest.test.TestClass.init(TestClass.java:72)
	at com.legacyTest.test.TestClass.init(TestClass.java:72)
	at com.legacyTest.test.TestClass.init(TestClass.java:72)
	at com.legacyTest.test.TestClass.init(TestClass.java:72)
	at com.legacyTest.test.TestClass.init(TestClass.java:72)
	at com.legacyTest.test.TestClass.init(TestClass.java:72)
	at com.legacyTest.test.TestClass.init(TestClass.java:72)
	at com.legacyTest.test.TestClass.init(TestClass.java:72)
	at com.legacyTest.test.TestClass.init(TestClass.java:72)
	at com.legacyTest.test.TestClass.init(TestClass.java:72)
	at com.legacyTest.test.TestClass.init(TestClass.java:72)
	at com.legacyTest.test.TestClass.init(TestClass.java:72)
	at com.legacyTest.test.TestClass.init(TestClass.java:72)
	at com.legacyTest.test.TestClass.init(TestClass.java:72)
	at com.legacyTest.test.TestClass.init(TestClass.java:72)
	at com.legacyTest.test.TestClass.init(TestClass.java:72)
	at com.legacyTest.test.TestClass.init(TestClass.java:72)
	at com.legacyTest.test.TestClass.init(TestClass.java:72)
	at com.legacyTest.test.TestClass.init(TestClass.java:72)
	at com.legacyTest.test.TestClass.init(TestClass.java:72)
	at com.legacyTest.test.TestClass.init(TestClass.java:72)
	at com.legacyTest.test.TestClass.init(TestClass.java:72)
	at com.legacyTest.test.TestClass.init(TestClass.java:72)
	at com.legacyTest.test.TestClass.init(TestClass.java:72)
	at com.legacyTest.test.TestClass.init(TestClass.java:72)
	at com.legacyTest.test.TestClass.init(TestClass.java:72)
	at com.legacyTest.test.TestClass.init(TestClass.java:72)
	at com.legacyTest.test.TestClass.init(TestClass.java:72)
	at com.legacyTest.test.TestClass.init(TestClass.java:72)
	at com.legacyTest.test.TestClass.init(TestClass.java:72)
	at com.legacyTest.test.TestClass.init(TestClass.java:72)
	at com.legacyTest.test.TestClass.init(TestClass.java:72)
	at com.legacyTest.test.TestClass.init(TestClass.java:72)
	at com.legacyTest.test.TestClass.init(TestClass.java:72)
	at com.legacyTest.test.TestClass.init(TestClass.java:72)
	at com.legacyTest.test.TestClass.init(TestClass.java:72)
	at com.legacyTest.test.TestClass.init(TestClass.java:72)
	at com.legacyTest.test.TestClass.init(TestClass.java:72)
	at com.legacyTest.test.TestClass.init(TestClass.java:72)
	at com.legacyTest.test.TestClass.init(TestClass.java:72)
	at com.legacyTest.test.TestClass.init(TestClass.java:72)
	at com.legacyTest.test.TestClass.init(TestClass.java:72)
	at com.legacyTest.test.TestClass.init(TestClass.java:72)
	at com.legacyTest.test.TestClass.init(TestClass.java:72)
	at com.legacyTest.test.TestClass.init(TestClass.java:72)
	at com.legacyTest.test.TestClass.init(TestClass.java:72)
	at com.legacyTest.test.TestClass.init(TestClass.java:72)
	at com.legacyTest.test.TestClass.init(TestClass.java:72)
	at com.legacyTest.test.TestClass.init(TestClass.java:72)
	at com.legacyTest.test.TestClass.init(TestClass.java:72)
	at com.legacyTest.test.TestClass.init(TestClass.java:72)
	at com.legacyTest.test.TestClass.init(TestClass.java:72)
	at com.legacyTest.test.TestClass.init(TestClass.java:72)
	at com.legacyTest.test.TestClass.init(TestClass.java:72)
	at com.legacyTest.test.TestClass.init(TestClass.java:72)
	at com.legacyTest.test.TestClass.init(TestClass.java:72)
	at com.legacyTest.test.TestClass.init(TestClass.java:72)
	at com.legacyTest.test.TestClass.init(TestClass.java:72)
	at com.legacyTest.test.TestClass.init(TestClass.java:72)
	at com.legacyTest.test.TestClass.init(TestClass.java:72)
	at com.legacyTest.test.TestClass.init(TestClass.java:72)
	at com.legacyTest.test.TestClass.init(TestClass.java:72)
	at com.legacyTest.test.TestClass.init(TestClass.java:72)
	at com.legacyTest.test.TestClass.init(TestClass.java:72)
	at com.legacyTest.test.TestClass.init(TestClass.java:72)
	at com.legacyTest.test.TestClass.init(TestClass.java:72)
	at com.legacyTest.test.TestClass.init(TestClass.java:72)
	at com.legacyTest.test.TestClass.init(TestClass.java:72)
	at com.legacyTest.test.TestClass.init(TestClass.java:72)
	at com.legacyTest.test.TestClass.init(TestClass.java:72)
	at com.legacyTest.test.TestClass.init(TestClass.java:72)
	at com.legacyTest.test.TestClass.init(TestClass.java:72)
	at com.legacyTest.test.TestClass.init(TestClass.java:72)
	at com.legacyTest.test.TestClass.init(TestClass.java:72)
	at com.legacyTest.test.TestClass.init(TestClass.java:72)
	at com.legacyTest.test.TestClass.init(TestClass.java:72)
	at com.legacyTest.test.TestClass.init(TestClass.java:72)
	at com.legacyTest.test.TestClass.init(TestClass.java:72)
	at com.legacyTest.test.TestClass.init(TestClass.java:72)
	at com.legacyTest.test.TestClass.init(TestClass.java:72)
	at com.legacyTest.test.TestClass.init(TestClass.java:72)
	at com.legacyTest.test.TestClass.init(TestClass.java:72)
	at com.legacyTest.test.TestClass.init(TestClass.java:72)
	at com.legacyTest.test.TestClass.init(TestClass.java:72)
	at com.legacyTest.test.TestClass.init(TestClass.java:72)
	at com.legacyTest.test.TestClass.init(TestClass.java:72)
	at com.legacyTest.test.TestClass.init(TestClass.java:72)
	at com.legacyTest.test.TestClass.init(TestClass.java:72)
	at com.legacyTest.test.TestClass.init(TestClass.java:72)
	at com.legacyTest.test.TestClass.init(TestClass.java:72)
	at com.legacyTest.test.TestClass.init(TestClass.java:72)
	at com.legacyTest.test.TestClass.init(TestClass.java:72)
	at com.legacyTest.test.TestClass.init(TestClass.java:72)
	at com.legacyTest.test.TestClass.init(TestClass.java:72)
	at com.legacyTest.test.TestClass.init(TestClass.java:72)
	at com.legacyTest.test.TestClass.init(TestClass.java:72)
	at com.legacyTest.test.TestClass.init(TestClass.java:72)
	at com.legacyTest.test.TestClass.init(TestClass.java:72)
	at com.legacyTest.test.TestClass.init(TestClass.java:72)
	at com.legacyTest.test.TestClass.init(TestClass.java:72)
	at com.legacyTest.test.TestClass.init(TestClass.java:72)
	at com.legacyTest.test.TestClass.init(TestClass.java:72)
	at com.legacyTest.test.TestClass.init(TestClass.java:72)
	at com.legacyTest.test.TestClass.init(TestClass.java:72)
	at com.legacyTest.test.TestClass.init(TestClass.java:72)
	at com.legacyTest.test.TestClass.init(TestClass.java:72)
	at com.legacyTest.test.TestClass.init(TestClass.java:72)
	at com.legacyTest.test.TestClass.init(TestClass.java:72)
	at com.legacyTest.test.TestClass.init(TestClass.java:72)
	at com.legacyTest.test.TestClass.init(TestClass.java:72)
	at com.legacyTest.test.TestClass.init(TestClass.java:72)
	at com.legacyTest.test.TestClass.init(TestClass.java:72)
	at com.legacyTest.test.TestClass.init(TestClass.java:72)
	at com.legacyTest.test.TestClass.init(TestClass.java:72)
	at com.legacyTest.test.TestClass.init(TestClass.java:72)
	at com.legacyTest.test.TestClass.init(TestClass.java:72)
	at com.legacyTest.test.TestClass.init(TestClass.java:72)
	at com.legacyTest.test.TestClass.init(TestClass.java:72)
	at com.legacyTest.test.TestClass.init(TestClass.java:72)
	at com.legacyTest.test.TestClass.init(TestClass.java:72)
	at com.legacyTest.test.TestClass.init(TestClass.java:72)
	at com.legacyTest.test.TestClass.init(TestClass.java:72)
	at com.legacyTest.test.TestClass.init(TestClass.java:72)
	at com.legacyTest.test.TestClass.init(TestClass.java:72)
	at com.legacyTest.test.TestClass.init(TestClass.java:72)
	at com.legacyTest.test.TestClass.init(TestClass.java:72)
	at com.legacyTest.test.TestClass.init(TestClass.java:72)
	at com.legacyTest.test.TestClass.init(TestClass.java:72)
	at com.legacyTest.test.TestClass.init(TestClass.java:72)
	at com.legacyTest.test.TestClass.init(TestClass.java:72)
	at com.legacyTest.test.TestClass.init(TestClass.java:72)
	at com.legacyTest.test.TestClass.init(TestClass.java:72)
	at com.legacyTest.test.TestClass.init(TestClass.java:72)
	at com.legacyTest.test.TestClass.init(TestClass.java:72)
	at com.legacyTest.test.TestClass.init(TestClass.java:72)
	at com.legacyTest.test.TestClass.init(TestClass.java:72)
	at com.legacyTest.test.TestClass.init(TestClass.java:72)
	at com.legacyTest.test.TestClass.init(TestClass.java:72)
	at com.legacyTest.test.TestClass.init(TestClass.java:72)
	at com.legacyTest.test.TestClass.init(TestClass.java:72)
	at com.legacyTest.test.TestClass.init(TestClass.java:72)
	at com.legacyTest.test.TestClass.init(TestClass.java:72)
	at com.legacyTest.test.TestClass.init(TestClass.java:72)
	at com.legacyTest.test.TestClass.init(TestClass.java:72)
	at com.legacyTest.test.TestClass.init(TestClass.java:72)
	at com.legacyTest.test.TestClass.init(TestClass.java:72)
	at com.legacyTest.test.TestClass.init(TestClass.java:72)
	at com.legacyTest.test.TestClass.init(TestClass.java:72)
	at com.legacyTest.test.TestClass.init(TestClass.java:72)
	at com.legacyTest.test.TestClass.init(TestClass.java:72)
	at com.legacyTest.test.TestClass.init(TestClass.java:72)
	at com.legacyTest.test.TestClass.init(TestClass.java:72)
	at com.legacyTest.test.TestClass.init(TestClass.java:72)
	at com.legacyTest.test.TestClass.init(TestClass.java:72)
	at com.legacyTest.test.TestClass.init(TestClass.java:72)
	at com.legacyTest.test.TestClass.init(TestClass.java:72)
	at com.legacyTest.test.TestClass.init(TestClass.java:72)
	at com.legacyTest.test.TestClass.init(TestClass.java:72)
	at com.legacyTest.test.TestClass.init(TestClass.java:72)
	at com.legacyTest.test.TestClass.init(TestClass.java:72)
	at com.legacyTest.test.TestClass.init(TestClass.java:72)
	at com.legacyTest.test.TestClass.init(TestClass.java:72)
	at com.legacyTest.test.TestClass.init(TestClass.java:72)
	at com.legacyTest.test.TestClass.init(TestClass.java:72)
	at com.legacyTest.test.TestClass.init(TestClass.java:72)
	at com.legacyTest.test.TestClass.init(TestClass.java:72)
	at com.legacyTest.test.TestClass.init(TestClass.java:72)
	at com.legacyTest.test.TestClass.init(TestClass.java:72)
	at com.legacyTest.test.TestClass.init(TestClass.java:72)
	at com.legacyTest.test.TestClass.init(TestClass.java:72)
	at com.legacyTest.test.TestClass.init(TestClass.java:72)
	at com.legacyTest.test.TestClass.init(TestClass.java:72)
]]>
    </error>
  </testcase> <!-- init -->
</testsuite> <!-- com.legacyTest.test.TestClass -->
